<?xml version="1.0" encoding="UTF-8"?>
<!-- Generated by org.testng.reporters.JUnitReportReporter -->
<testsuite hostname="DESKTOP-53OJ91V" failures="0" tests="2" name="qaclickacademy.RESTAPITest" time="0.000" errors="0" timestamp="2022-03-31T14:44:32 EDT" skipped="0">
  <testcase classname="qaclickacademy.RESTAPITest" name="deleteTwitter" time="0.000"/>
  <system-out/>
  <testcase classname="qaclickacademy.RESTAPITest" name="postJira" time="0.000"/>
  <system-out/>
</testsuite> <!-- qaclickacademy.RESTAPITest -->
